1486289220421	geckodriver	INFO	Listening on 127.0.0.1:50808
1486289221473	mozprofile::profile	INFO	Using profile path /var/folders/nz/2x7w69ks0wb9n5j0h30dxxrr0000gn/T/rust_mozprofile.FNRGv7qk35Rw
1486289221475	geckodriver::marionette	INFO	Starting browser /Applications/Firefox.app/Contents/MacOS/firefox-bin
1486289221494	geckodriver::marionette	INFO	Connecting to Marionette on localhost:50817
[warn] kq_init: detected broken kqueue; not using.: Undefined error: 0
1486289222209	Marionette	INFO	Listening on port 50817
[warn] kq_init: detected broken kqueue; not using.: Undefined error: 0
1486289445895	geckodriver	INFO	Listening on 127.0.0.1:50867
1486289446947	mozprofile::profile	INFO	Using profile path /var/folders/nz/2x7w69ks0wb9n5j0h30dxxrr0000gn/T/rust_mozprofile.uo5XOV89diMH
1486289446949	geckodriver::marionette	INFO	Starting browser /Applications/Firefox.app/Contents/MacOS/firefox-bin
1486289446951	geckodriver::marionette	INFO	Connecting to Marionette on localhost:50876
[warn] kq_init: detected broken kqueue; not using.: Undefined error: 0
1486289447573	Marionette	INFO	Listening on port 50876
[warn] kq_init: detected broken kqueue; not using.: Undefined error: 0
1486289498717	geckodriver	INFO	Listening on 127.0.0.1:50908
1486289499767	mozprofile::profile	INFO	Using profile path /var/folders/nz/2x7w69ks0wb9n5j0h30dxxrr0000gn/T/rust_mozprofile.O60WIjFiELHF
1486289499768	geckodriver::marionette	INFO	Starting browser /Applications/Firefox.app/Contents/MacOS/firefox-bin
1486289499771	geckodriver::marionette	INFO	Connecting to Marionette on localhost:50917
[warn] kq_init: detected broken kqueue; not using.: Undefined error: 0
1486289500504	Marionette	INFO	Listening on port 50917
[warn] kq_init: detected broken kqueue; not using.: Undefined error: 0
1486289556986	geckodriver	INFO	Listening on 127.0.0.1:50960
1486289558026	mozprofile::profile	INFO	Using profile path /var/folders/nz/2x7w69ks0wb9n5j0h30dxxrr0000gn/T/rust_mozprofile.BkfBwwAGwCFV
1486289558028	geckodriver::marionette	INFO	Starting browser /Applications/Firefox.app/Contents/MacOS/firefox-bin
1486289558031	geckodriver::marionette	INFO	Connecting to Marionette on localhost:50969
[warn] kq_init: detected broken kqueue; not using.: Undefined error: 0
1486289558736	Marionette	INFO	Listening on port 50969
[warn] kq_init: detected broken kqueue; not using.: Undefined error: 0
1486289561894	geckodriver	INFO	Listening on 127.0.0.1:50994
1486289562944	mozprofile::profile	INFO	Using profile path /var/folders/nz/2x7w69ks0wb9n5j0h30dxxrr0000gn/T/rust_mozprofile.0xCJWlIu1i3P
1486289562946	geckodriver::marionette	INFO	Starting browser /Applications/Firefox.app/Contents/MacOS/firefox-bin
1486289562950	geckodriver::marionette	INFO	Connecting to Marionette on localhost:51006
[warn] kq_init: detected broken kqueue; not using.: Undefined error: 0
1486289563598	Marionette	INFO	Listening on port 51006
[warn] kq_init: detected broken kqueue; not using.: Undefined error: 0
1486289566238	geckodriver	INFO	Listening on 127.0.0.1:51037
1486289567284	mozprofile::profile	INFO	Using profile path /var/folders/nz/2x7w69ks0wb9n5j0h30dxxrr0000gn/T/rust_mozprofile.jXLAl3GaYqwX
1486289567285	geckodriver::marionette	INFO	Starting browser /Applications/Firefox.app/Contents/MacOS/firefox-bin
1486289567288	geckodriver::marionette	INFO	Connecting to Marionette on localhost:51048
[warn] kq_init: detected broken kqueue; not using.: Undefined error: 0
1486289568237	Marionette	INFO	Listening on port 51048
[warn] kq_init: detected broken kqueue; not using.: Undefined error: 0
1486289700550	geckodriver	INFO	Listening on 127.0.0.1:51110
1486289701596	mozprofile::profile	INFO	Using profile path /var/folders/nz/2x7w69ks0wb9n5j0h30dxxrr0000gn/T/rust_mozprofile.9RBYvpYylkTT
1486289701599	geckodriver::marionette	INFO	Starting browser /Applications/Firefox.app/Contents/MacOS/firefox-bin
1486289701602	geckodriver::marionette	INFO	Connecting to Marionette on localhost:51119
[warn] kq_init: detected broken kqueue; not using.: Undefined error: 0
1486289702309	Marionette	INFO	Listening on port 51119
[warn] kq_init: detected broken kqueue; not using.: Undefined error: 0
1486289705239	geckodriver	INFO	Listening on 127.0.0.1:51144
1486289706292	mozprofile::profile	INFO	Using profile path /var/folders/nz/2x7w69ks0wb9n5j0h30dxxrr0000gn/T/rust_mozprofile.DHdxXkvefbEy
1486289706294	geckodriver::marionette	INFO	Starting browser /Applications/Firefox.app/Contents/MacOS/firefox-bin
1486289706297	geckodriver::marionette	INFO	Connecting to Marionette on localhost:51155
[warn] kq_init: detected broken kqueue; not using.: Undefined error: 0
1486289706951	Marionette	INFO	Listening on port 51155
[warn] kq_init: detected broken kqueue; not using.: Undefined error: 0
1486289709208	geckodriver	INFO	Listening on 127.0.0.1:51180
1486289710251	mozprofile::profile	INFO	Using profile path /var/folders/nz/2x7w69ks0wb9n5j0h30dxxrr0000gn/T/rust_mozprofile.v1A2UkDBc3GE
1486289710253	geckodriver::marionette	INFO	Starting browser /Applications/Firefox.app/Contents/MacOS/firefox-bin
1486289710255	geckodriver::marionette	INFO	Connecting to Marionette on localhost:51190
[warn] kq_init: detected broken kqueue; not using.: Undefined error: 0
1486289710928	Marionette	INFO	Listening on port 51190
[warn] kq_init: detected broken kqueue; not using.: Undefined error: 0
1486289742068	geckodriver	INFO	Listening on 127.0.0.1:51224
1486289743133	mozprofile::profile	INFO	Using profile path /var/folders/nz/2x7w69ks0wb9n5j0h30dxxrr0000gn/T/rust_mozprofile.mn1SjAF1aNzz
1486289743135	geckodriver::marionette	INFO	Starting browser /Applications/Firefox.app/Contents/MacOS/firefox-bin
1486289743138	geckodriver::marionette	INFO	Connecting to Marionette on localhost:51233
[warn] kq_init: detected broken kqueue; not using.: Undefined error: 0
1486289743752	Marionette	INFO	Listening on port 51233
[warn] kq_init: detected broken kqueue; not using.: Undefined error: 0
1486289746669	geckodriver	INFO	Listening on 127.0.0.1:51257
1486289747725	mozprofile::profile	INFO	Using profile path /var/folders/nz/2x7w69ks0wb9n5j0h30dxxrr0000gn/T/rust_mozprofile.z98Qty5pUcuM
1486289747726	geckodriver::marionette	INFO	Starting browser /Applications/Firefox.app/Contents/MacOS/firefox-bin
1486289747729	geckodriver::marionette	INFO	Connecting to Marionette on localhost:51267
[warn] kq_init: detected broken kqueue; not using.: Undefined error: 0
1486289748417	Marionette	INFO	Listening on port 51267
[warn] kq_init: detected broken kqueue; not using.: Undefined error: 0
JavaScript warning: https://oload.tv/assets/js/script.packed.243.js, line 1: unreachable code after return statement
JavaScript warning: https://oload.tv/assets/js/script.packed.243.js, line 1: unreachable code after return statement
JavaScript warning: https://oload.tv/assets/js/script.packed.243.js, line 1: unreachable code after return statement
JavaScript warning: https://oload.tv/assets/js/script.packed.243.js, line 1: unreachable code after return statement
JavaScript warning: https://oload.tv/assets/js/script.packed.243.js, line 1: unreachable code after return statement
1486289953278	geckodriver	INFO	Listening on 127.0.0.1:51346
1486289954325	mozprofile::profile	INFO	Using profile path /var/folders/nz/2x7w69ks0wb9n5j0h30dxxrr0000gn/T/rust_mozprofile.Ma5VwJvHLs26
1486289954327	geckodriver::marionette	INFO	Starting browser /Applications/Firefox.app/Contents/MacOS/firefox-bin
1486289954331	geckodriver::marionette	INFO	Connecting to Marionette on localhost:51355
[warn] kq_init: detected broken kqueue; not using.: Undefined error: 0
1486289955037	Marionette	INFO	Listening on port 51355
[warn] kq_init: detected broken kqueue; not using.: Undefined error: 0
1486289957763	geckodriver	INFO	Listening on 127.0.0.1:51380
1486289958814	mozprofile::profile	INFO	Using profile path /var/folders/nz/2x7w69ks0wb9n5j0h30dxxrr0000gn/T/rust_mozprofile.YC6vKEJm1zik
1486289958815	geckodriver::marionette	INFO	Starting browser /Applications/Firefox.app/Contents/MacOS/firefox-bin
1486289958819	geckodriver::marionette	INFO	Connecting to Marionette on localhost:51391
[warn] kq_init: detected broken kqueue; not using.: Undefined error: 0
1486289959462	Marionette	INFO	Listening on port 51391
[warn] kq_init: detected broken kqueue; not using.: Undefined error: 0
JavaScript warning: https://oload.tv/assets/js/script.packed.243.js, line 1: unreachable code after return statement
JavaScript warning: https://oload.tv/assets/js/script.packed.243.js, line 1: unreachable code after return statement
JavaScript warning: https://oload.tv/assets/js/script.packed.243.js, line 1: unreachable code after return statement
JavaScript warning: https://oload.tv/assets/js/script.packed.243.js, line 1: unreachable code after return statement
JavaScript warning: https://oload.tv/assets/js/script.packed.243.js, line 1: unreachable code after return statement
*************************
A coding exception was thrown and uncaught in a Task.

Full message: TypeError: NetworkError when attempting to fetch resource.
Full stack: 
*************************
1486290018559	geckodriver	INFO	Listening on 127.0.0.1:51441
1486290019609	mozprofile::profile	INFO	Using profile path /var/folders/nz/2x7w69ks0wb9n5j0h30dxxrr0000gn/T/rust_mozprofile.TXIm4f7BGFzJ
1486290019611	geckodriver::marionette	INFO	Starting browser /Applications/Firefox.app/Contents/MacOS/firefox-bin
1486290019614	geckodriver::marionette	INFO	Connecting to Marionette on localhost:51451
[warn] kq_init: detected broken kqueue; not using.: Undefined error: 0
1486290020341	Marionette	INFO	Listening on port 51451
[warn] kq_init: detected broken kqueue; not using.: Undefined error: 0
1486290022885	geckodriver	INFO	Listening on 127.0.0.1:51480
1486290023930	mozprofile::profile	INFO	Using profile path /var/folders/nz/2x7w69ks0wb9n5j0h30dxxrr0000gn/T/rust_mozprofile.QBgxlgqBw6f9
1486290023932	geckodriver::marionette	INFO	Starting browser /Applications/Firefox.app/Contents/MacOS/firefox-bin
1486290023936	geckodriver::marionette	INFO	Connecting to Marionette on localhost:51490
[warn] kq_init: detected broken kqueue; not using.: Undefined error: 0
1486290024551	Marionette	INFO	Listening on port 51490
[warn] kq_init: detected broken kqueue; not using.: Undefined error: 0
JavaScript warning: https://oload.tv/assets/js/script.packed.243.js, line 1: unreachable code after return statement
JavaScript warning: https://oload.tv/assets/js/script.packed.243.js, line 1: unreachable code after return statement
JavaScript warning: https://oload.tv/assets/js/script.packed.243.js, line 1: unreachable code after return statement
JavaScript warning: https://oload.tv/assets/js/script.packed.243.js, line 1: unreachable code after return statement
JavaScript warning: https://oload.tv/assets/js/script.packed.243.js, line 1: unreachable code after return statement
1486290039661	geckodriver	INFO	Listening on 127.0.0.1:51532
1486290040704	mozprofile::profile	INFO	Using profile path /var/folders/nz/2x7w69ks0wb9n5j0h30dxxrr0000gn/T/rust_mozprofile.S8lDL0HvXnWk
1486290040705	geckodriver::marionette	INFO	Starting browser /Applications/Firefox.app/Contents/MacOS/firefox-bin
1486290040708	geckodriver::marionette	INFO	Connecting to Marionette on localhost:51541
[warn] kq_init: detected broken kqueue; not using.: Undefined error: 0
1486290041364	Marionette	INFO	Listening on port 51541
[warn] kq_init: detected broken kqueue; not using.: Undefined error: 0
1486290043729	geckodriver	INFO	Listening on 127.0.0.1:51570
1486290044773	mozprofile::profile	INFO	Using profile path /var/folders/nz/2x7w69ks0wb9n5j0h30dxxrr0000gn/T/rust_mozprofile.lsjvfJv3KVgz
1486290044775	geckodriver::marionette	INFO	Starting browser /Applications/Firefox.app/Contents/MacOS/firefox-bin
1486290044779	geckodriver::marionette	INFO	Connecting to Marionette on localhost:51581
[warn] kq_init: detected broken kqueue; not using.: Undefined error: 0
1486290045401	Marionette	INFO	Listening on port 51581
[warn] kq_init: detected broken kqueue; not using.: Undefined error: 0
1486290048248	geckodriver	INFO	Listening on 127.0.0.1:51609
1486290049306	mozprofile::profile	INFO	Using profile path /var/folders/nz/2x7w69ks0wb9n5j0h30dxxrr0000gn/T/rust_mozprofile.3e9PVV2cJ7Dr
1486290049308	geckodriver::marionette	INFO	Starting browser /Applications/Firefox.app/Contents/MacOS/firefox-bin
1486290049311	geckodriver::marionette	INFO	Connecting to Marionette on localhost:51619
[warn] kq_init: detected broken kqueue; not using.: Undefined error: 0
1486290050057	Marionette	INFO	Listening on port 51619
[warn] kq_init: detected broken kqueue; not using.: Undefined error: 0
1486290052999	geckodriver	INFO	Listening on 127.0.0.1:51648
1486290054053	mozprofile::profile	INFO	Using profile path /var/folders/nz/2x7w69ks0wb9n5j0h30dxxrr0000gn/T/rust_mozprofile.Kyo5LiAvwANr
1486290054055	geckodriver::marionette	INFO	Starting browser /Applications/Firefox.app/Contents/MacOS/firefox-bin
1486290054059	geckodriver::marionette	INFO	Connecting to Marionette on localhost:51658
[warn] kq_init: detected broken kqueue; not using.: Undefined error: 0
1486290054758	Marionette	INFO	Listening on port 51658
[warn] kq_init: detected broken kqueue; not using.: Undefined error: 0
1486290057566	geckodriver	INFO	Listening on 127.0.0.1:51685
1486290058607	mozprofile::profile	INFO	Using profile path /var/folders/nz/2x7w69ks0wb9n5j0h30dxxrr0000gn/T/rust_mozprofile.vQvCF5lyy4XL
1486290058608	geckodriver::marionette	INFO	Starting browser /Applications/Firefox.app/Contents/MacOS/firefox-bin
1486290058611	geckodriver::marionette	INFO	Connecting to Marionette on localhost:51695
[warn] kq_init: detected broken kqueue; not using.: Undefined error: 0
1486290059453	Marionette	INFO	Listening on port 51695
[warn] kq_init: detected broken kqueue; not using.: Undefined error: 0
1486290061809	geckodriver	INFO	Listening on 127.0.0.1:51725
1486290062879	mozprofile::profile	INFO	Using profile path /var/folders/nz/2x7w69ks0wb9n5j0h30dxxrr0000gn/T/rust_mozprofile.ShftbbMPj7dD
1486290062881	geckodriver::marionette	INFO	Starting browser /Applications/Firefox.app/Contents/MacOS/firefox-bin
1486290062885	geckodriver::marionette	INFO	Connecting to Marionette on localhost:51735
[warn] kq_init: detected broken kqueue; not using.: Undefined error: 0
1486290063571	Marionette	INFO	Listening on port 51735
[warn] kq_init: detected broken kqueue; not using.: Undefined error: 0
*************************
A coding exception was thrown and uncaught in a Task.

Full message: TypeError: NetworkError when attempting to fetch resource.
Full stack: 
*************************
*************************
A coding exception was thrown and uncaught in a Task.

Full message: TypeError: NetworkError when attempting to fetch resource.
Full stack: 
*************************
*************************
A coding exception was thrown and uncaught in a Task.

Full message: TypeError: NetworkError when attempting to fetch resource.
Full stack: 
*************************
*************************
A coding exception was thrown and uncaught in a Task.

Full message: TypeError: NetworkError when attempting to fetch resource.
Full stack: 
*************************
*************************
A coding exception was thrown and uncaught in a Task.

Full message: TypeError: NetworkError when attempting to fetch resource.
Full stack: 
*************************
1486290407111	addons.productaddons	WARN	Failed downloading via XHR, status: 0, reason: error
1486290407127	addons.productaddons	WARN	Failed downloading via XHR, status: 0, reason: error
*************************
A coding exception was thrown and uncaught in a Task.

Full message: TypeError: NetworkError when attempting to fetch resource.
Full stack: 
*************************
*************************
A coding exception was thrown and uncaught in a Task.

Full message: TypeError: NetworkError when attempting to fetch resource.
Full stack: 
*************************
*************************
A coding exception was thrown and uncaught in a Task.

Full message: TypeError: NetworkError when attempting to fetch resource.
Full stack: 
*************************
*************************
A coding exception was thrown and uncaught in a Task.

Full message: TypeError: NetworkError when attempting to fetch resource.
Full stack: 
*************************
*************************
A coding exception was thrown and uncaught in a Task.

Full message: TypeError: NetworkError when attempting to fetch resource.
Full stack: 
*************************
1486290560933	geckodriver	INFO	Listening on 127.0.0.1:51944
1486290561984	mozprofile::profile	INFO	Using profile path /var/folders/nz/2x7w69ks0wb9n5j0h30dxxrr0000gn/T/rust_mozprofile.aBXd78q3x2Wt
1486290561986	geckodriver::marionette	INFO	Starting browser /Applications/Firefox.app/Contents/MacOS/firefox-bin
1486290561989	geckodriver::marionette	INFO	Connecting to Marionette on localhost:51953
[warn] kq_init: detected broken kqueue; not using.: Undefined error: 0
1486290562683	Marionette	INFO	Listening on port 51953
[warn] kq_init: detected broken kqueue; not using.: Undefined error: 0
JavaScript warning: https://oload.tv/assets/js/script.packed.243.js, line 1: unreachable code after return statement
JavaScript warning: https://oload.tv/assets/js/script.packed.243.js, line 1: unreachable code after return statement
JavaScript warning: https://oload.tv/assets/js/script.packed.243.js, line 1: unreachable code after return statement
JavaScript warning: https://oload.tv/assets/js/script.packed.243.js, line 1: unreachable code after return statement
JavaScript warning: https://oload.tv/assets/js/script.packed.243.js, line 1: unreachable code after return statement
1486292318496	geckodriver	INFO	Listening on 127.0.0.1:52196
1486292319546	mozprofile::profile	INFO	Using profile path /var/folders/nz/2x7w69ks0wb9n5j0h30dxxrr0000gn/T/rust_mozprofile.EuMrFS4AWSTE
1486292319548	geckodriver::marionette	INFO	Starting browser /Applications/Firefox.app/Contents/MacOS/firefox-bin
1486292319551	geckodriver::marionette	INFO	Connecting to Marionette on localhost:52208
[warn] kq_init: detected broken kqueue; not using.: Undefined error: 0
1486292320170	Marionette	INFO	Listening on port 52208
[warn] kq_init: detected broken kqueue; not using.: Undefined error: 0
JavaScript warning: https://oload.tv/assets/js/script.packed.243.js, line 1: unreachable code after return statement
JavaScript warning: https://oload.tv/assets/js/script.packed.243.js, line 1: unreachable code after return statement
JavaScript warning: https://oload.tv/assets/js/script.packed.243.js, line 1: unreachable code after return statement
JavaScript warning: https://oload.tv/assets/js/script.packed.243.js, line 1: unreachable code after return statement
JavaScript warning: https://oload.tv/assets/js/script.packed.243.js, line 1: unreachable code after return statement
1486292484947	geckodriver	INFO	Listening on 127.0.0.1:52302
1486292486005	mozprofile::profile	INFO	Using profile path /var/folders/nz/2x7w69ks0wb9n5j0h30dxxrr0000gn/T/rust_mozprofile.AAw2cUdxEFPJ
1486292486007	geckodriver::marionette	INFO	Starting browser /Applications/Firefox.app/Contents/MacOS/firefox-bin
1486292486013	geckodriver::marionette	INFO	Connecting to Marionette on localhost:52311
[warn] kq_init: detected broken kqueue; not using.: Undefined error: 0
1486292486802	Marionette	INFO	Listening on port 52311
[warn] kq_init: detected broken kqueue; not using.: Undefined error: 0
JavaScript warning: https://oload.tv/assets/js/script.packed.243.js, line 1: unreachable code after return statement
JavaScript warning: https://oload.tv/assets/js/script.packed.243.js, line 1: unreachable code after return statement
JavaScript warning: https://oload.tv/assets/js/script.packed.243.js, line 1: unreachable code after return statement
JavaScript warning: https://oload.tv/assets/js/script.packed.243.js, line 1: unreachable code after return statement
JavaScript warning: https://oload.tv/assets/js/script.packed.243.js, line 1: unreachable code after return statement
JavaScript warning: https://oload.tv/assets/js/script.packed.243.js, line 1: unreachable code after return statement
JavaScript warning: https://oload.tv/assets/js/script.packed.243.js, line 1: unreachable code after return statement
JavaScript warning: https://oload.tv/assets/js/script.packed.243.js, line 1: unreachable code after return statement
JavaScript warning: https://oload.tv/assets/js/script.packed.243.js, line 1: unreachable code after return statement
JavaScript warning: https://oload.tv/assets/js/script.packed.243.js, line 1: unreachable code after return statement
1486292563117	geckodriver	INFO	Listening on 127.0.0.1:52408
1486292564168	mozprofile::profile	INFO	Using profile path /var/folders/nz/2x7w69ks0wb9n5j0h30dxxrr0000gn/T/rust_mozprofile.EQ54746b6Viy
1486292564170	geckodriver::marionette	INFO	Starting browser /Applications/Firefox.app/Contents/MacOS/firefox-bin
1486292564175	geckodriver::marionette	INFO	Connecting to Marionette on localhost:52417
[warn] kq_init: detected broken kqueue; not using.: Undefined error: 0
1486292564769	Marionette	INFO	Listening on port 52417
[warn] kq_init: detected broken kqueue; not using.: Undefined error: 0
JavaScript warning: https://openload.co/assets/js/script.packed.243.js, line 1: unreachable code after return statement
JavaScript warning: https://openload.co/assets/js/script.packed.243.js, line 1: unreachable code after return statement
JavaScript warning: https://openload.co/assets/js/script.packed.243.js, line 1: unreachable code after return statement
JavaScript warning: https://openload.co/assets/js/script.packed.243.js, line 1: unreachable code after return statement
JavaScript warning: https://openload.co/assets/js/script.packed.243.js, line 1: unreachable code after return statement
JavaScript warning: https://openload.co/assets/js/script.packed.243.js, line 1: unreachable code after return statement
JavaScript warning: https://openload.co/assets/js/script.packed.243.js, line 1: unreachable code after return statement
JavaScript warning: https://openload.co/assets/js/script.packed.243.js, line 1: unreachable code after return statement
JavaScript warning: https://openload.co/assets/js/script.packed.243.js, line 1: unreachable code after return statement
JavaScript warning: https://openload.co/assets/js/script.packed.243.js, line 1: unreachable code after return statement
1486292760985	geckodriver	INFO	Listening on 127.0.0.1:52548
1486292762036	mozprofile::profile	INFO	Using profile path /var/folders/nz/2x7w69ks0wb9n5j0h30dxxrr0000gn/T/rust_mozprofile.CA5lYBepBydb
1486292762038	geckodriver::marionette	INFO	Starting browser /Applications/Firefox.app/Contents/MacOS/firefox-bin
1486292762042	geckodriver::marionette	INFO	Connecting to Marionette on localhost:52557
[warn] kq_init: detected broken kqueue; not using.: Undefined error: 0
1486292762645	Marionette	INFO	Listening on port 52557
[warn] kq_init: detected broken kqueue; not using.: Undefined error: 0
JavaScript warning: https://openload.co/assets/js/script.packed.243.js, line 1: unreachable code after return statement
JavaScript warning: https://openload.co/assets/js/script.packed.243.js, line 1: unreachable code after return statement
JavaScript warning: https://openload.co/assets/js/script.packed.243.js, line 1: unreachable code after return statement
JavaScript warning: https://openload.co/assets/js/script.packed.243.js, line 1: unreachable code after return statement
JavaScript warning: https://openload.co/assets/js/script.packed.243.js, line 1: unreachable code after return statement
JavaScript warning: https://openload.co/assets/js/script.packed.243.js, line 1: unreachable code after return statement
JavaScript warning: https://openload.co/assets/js/script.packed.243.js, line 1: unreachable code after return statement
JavaScript warning: https://openload.co/assets/js/script.packed.243.js, line 1: unreachable code after return statement
JavaScript warning: https://openload.co/assets/js/script.packed.243.js, line 1: unreachable code after return statement
JavaScript warning: https://openload.co/assets/js/script.packed.243.js, line 1: unreachable code after return statement
